<?xml version="1.0" encoding="UTF-8"?>
<testng-results ignored="0" total="1" passed="1" failed="0" skipped="0">
  <reporter-output>
  </reporter-output>
  <suite started-at="2024-05-20T14:15:46 IST" name="Default suite" finished-at="2024-05-20T14:15:49 IST" duration-ms="3145">
    <groups>
    </groups>
    <test started-at="2024-05-20T14:15:46 IST" name="Default test" finished-at="2024-05-20T14:15:49 IST" duration-ms="3145">
      <class name="com.qa.todo.tests.createToDo">
        <test-method is-config="true" signature="launchBrowser()[pri:0, instance:com.qa.todo.tests.createToDo@34123d65]" started-at="2024-05-20T14:15:46 IST" name="launchBrowser" finished-at="2024-05-20T14:15:49 IST" duration-ms="3027" status="PASS">
          <reporter-output>
          </reporter-output>
        </test-method> <!-- launchBrowser -->
        <test-method signature="verify()[pri:0, instance:com.qa.todo.tests.createToDo@34123d65]" started-at="2024-05-20T14:15:49 IST" name="verify" finished-at="2024-05-20T14:15:49 IST" duration-ms="14" status="PASS">
          <reporter-output>
          </reporter-output>
        </test-method> <!-- verify -->
        <test-method is-config="true" signature="closeBrowser()[pri:0, instance:com.qa.todo.tests.createToDo@34123d65]" started-at="2024-05-20T14:15:49 IST" name="closeBrowser" finished-at="2024-05-20T14:15:49 IST" duration-ms="3" status="PASS">
          <reporter-output>
          </reporter-output>
        </test-method> <!-- closeBrowser -->
      </class> <!-- com.qa.todo.tests.createToDo -->
    </test> <!-- Default test -->
  </suite> <!-- Default suite -->
</testng-results>
