<?xml version="1.0" encoding="UTF-8"?>
<testng-results ignored="0" total="9" passed="8" failed="1" skipped="0">
  <reporter-output>
  </reporter-output>
  <suite started-at="2024-05-20T20:20:45 IST" name="Default suite" finished-at="2024-05-20T20:20:50 IST" duration-ms="4806">
    <groups>
    </groups>
    <test started-at="2024-05-20T20:20:45 IST" name="Default test" finished-at="2024-05-20T20:20:50 IST" duration-ms="4806">
      <class name="com.qa.todo.tests.createToDo">
        <test-method is-config="true" signature="launchBrowser()[pri:0, instance:com.qa.todo.tests.createToDo@5b12b668]" started-at="2024-05-20T20:20:45 IST" name="launchBrowser" finished-at="2024-05-20T20:20:48 IST" duration-ms="2887" status="PASS">
          <reporter-output>
          </reporter-output>
        </test-method> <!-- launchBrowser -->
        <test-method signature="createNewToDoItemAndVerify()[pri:1, instance:com.qa.todo.tests.createToDo@5b12b668]" started-at="2024-05-20T20:20:48 IST" name="createNewToDoItemAndVerify" finished-at="2024-05-20T20:20:48 IST" duration-ms="381" status="PASS">
          <reporter-output>
          </reporter-output>
        </test-method> <!-- createNewToDoItemAndVerify -->
        <test-method signature="createSecondToDoItemAndVerify()[pri:2, instance:com.qa.todo.tests.createToDo@5b12b668]" started-at="2024-05-20T20:20:48 IST" name="createSecondToDoItemAndVerify" finished-at="2024-05-20T20:20:49 IST" duration-ms="213" status="PASS">
          <reporter-output>
          </reporter-output>
        </test-method> <!-- createSecondToDoItemAndVerify -->
        <test-method signature="verifyCompletedFunctionlality()[pri:3, instance:com.qa.todo.tests.createToDo@5b12b668]" started-at="2024-05-20T20:20:49 IST" name="verifyCompletedFunctionlality" finished-at="2024-05-20T20:20:49 IST" duration-ms="225" status="PASS">
          <reporter-output>
          </reporter-output>
        </test-method> <!-- verifyCompletedFunctionlality -->
        <test-method signature="verifyCompletedToNonCompleted()[pri:4, instance:com.qa.todo.tests.createToDo@5b12b668]" started-at="2024-05-20T20:20:49 IST" name="verifyCompletedToNonCompleted" finished-at="2024-05-20T20:20:49 IST" duration-ms="224" status="PASS">
          <reporter-output>
          </reporter-output>
        </test-method> <!-- verifyCompletedToNonCompleted -->
        <test-method signature="verifyClearCompletedWithougClearing()[pri:5, instance:com.qa.todo.tests.createToDo@5b12b668]" started-at="2024-05-20T20:20:49 IST" name="verifyClearCompletedWithougClearing" finished-at="2024-05-20T20:20:49 IST" duration-ms="222" status="PASS">
          <reporter-output>
          </reporter-output>
        </test-method> <!-- verifyClearCompletedWithougClearing -->
        <test-method signature="createNewTodowithSingleCharacter()[pri:6, instance:com.qa.todo.tests.createToDo@5b12b668]" started-at="2024-05-20T20:20:49 IST" name="createNewTodowithSingleCharacter" finished-at="2024-05-20T20:20:49 IST" duration-ms="179" status="PASS">
          <reporter-output>
          </reporter-output>
        </test-method> <!-- createNewTodowithSingleCharacter -->
        <test-method signature="updateFirstTodoItemAndVerify()[pri:7, instance:com.qa.todo.tests.createToDo@5b12b668]" started-at="2024-05-20T20:20:49 IST" name="updateFirstTodoItemAndVerify" finished-at="2024-05-20T20:20:50 IST" duration-ms="221" status="FAIL">
          <exception class="org.openqa.selenium.NoSuchElementException">
            <message>
              <![CDATA[no such element: Unable to locate element: {"method":"xpath","selector":"//main/ul/li[1]/div/label"}
  (Session info: chrome=124.0.6367.208)
For documentation on this error, please visit: https://www.selenium.dev/documentation/webdriver/troubleshooting/errors#no-such-element-exception
Build info: version: '4.21.0', revision: '79ed462ef4'
System info: os.name: 'Windows 10', os.arch: 'amd64', os.version: '10.0', java.version: '16.0.1'
Driver info: org.openqa.selenium.chrome.ChromeDriver
Command: [85501ff11bd30ad61ac1646d74c5da88, findElement {value=//main/ul/li[1]/div/label, using=xpath}]
Capabilities {acceptInsecureCerts: false, browserName: chrome, browserVersion: 124.0.6367.208, chrome: {chromedriverVersion: 124.0.6367.207 (a9001a6e39f..., userDataDir: C:\Users\ADMIN\AppData\Loca...}, fedcm:accounts: true, goog:chromeOptions: {debuggerAddress: localhost:49802}, networkConnectionEnabled: false, pageLoadStrategy: normal, platformName: windows, proxy: Proxy(), se:cdp: ws://localhost:49802/devtoo..., se:cdpVersion: 124.0.6367.208, setWindowRect: true, strictFileInteractability: false, timeouts: {implicit: 0, pageLoad: 300000, script: 30000}, unhandledPromptBehavior: dismiss and notify, webauthn:extension:credBlob: true, webauthn:extension:largeBlob: true, webauthn:extension:minPinLength: true, webauthn:extension:prf: true, webauthn:virtualAuthenticators: true}
Session ID: 85501ff11bd30ad61ac1646d74c5da88]]>
            </message>
            <full-stacktrace>
              <![CDATA[org.openqa.selenium.NoSuchElementException: no such element: Unable to locate element: {"method":"xpath","selector":"//main/ul/li[1]/div/label"}
  (Session info: chrome=124.0.6367.208)
For documentation on this error, please visit: https://www.selenium.dev/documentation/webdriver/troubleshooting/errors#no-such-element-exception
Build info: version: '4.21.0', revision: '79ed462ef4'
System info: os.name: 'Windows 10', os.arch: 'amd64', os.version: '10.0', java.version: '16.0.1'
Driver info: org.openqa.selenium.chrome.ChromeDriver
Command: [85501ff11bd30ad61ac1646d74c5da88, findElement {value=//main/ul/li[1]/div/label, using=xpath}]
Capabilities {acceptInsecureCerts: false, browserName: chrome, browserVersion: 124.0.6367.208, chrome: {chromedriverVersion: 124.0.6367.207 (a9001a6e39f..., userDataDir: C:\Users\ADMIN\AppData\Loca...}, fedcm:accounts: true, goog:chromeOptions: {debuggerAddress: localhost:49802}, networkConnectionEnabled: false, pageLoadStrategy: normal, platformName: windows, proxy: Proxy(), se:cdp: ws://localhost:49802/devtoo..., se:cdpVersion: 124.0.6367.208, setWindowRect: true, strictFileInteractability: false, timeouts: {implicit: 0, pageLoad: 300000, script: 30000}, unhandledPromptBehavior: dismiss and notify, webauthn:extension:credBlob: true, webauthn:extension:largeBlob: true, webauthn:extension:minPinLength: true, webauthn:extension:prf: true, webauthn:virtualAuthenticators: true}
Session ID: 85501ff11bd30ad61ac1646d74c5da88
at java.base/jdk.internal.reflect.NativeConstructorAccessorImpl.newInstance0(Native Method)
at java.base/jdk.internal.reflect.NativeConstructorAccessorImpl.newInstance(NativeConstructorAccessorImpl.java:78)
at java.base/jdk.internal.reflect.DelegatingConstructorAccessorImpl.newInstance(DelegatingConstructorAccessorImpl.java:45)
at java.base/java.lang.reflect.Constructor.newInstanceWithCaller(Constructor.java:499)
at java.base/java.lang.reflect.Constructor.newInstance(Constructor.java:480)
at org.openqa.selenium.remote.ErrorCodec.decode(ErrorCodec.java:167)
at org.openqa.selenium.remote.codec.w3c.W3CHttpResponseCodec.decode(W3CHttpResponseCodec.java:138)
at org.openqa.selenium.remote.codec.w3c.W3CHttpResponseCodec.decode(W3CHttpResponseCodec.java:50)
at org.openqa.selenium.remote.HttpCommandExecutor.execute(HttpCommandExecutor.java:190)
at org.openqa.selenium.remote.service.DriverCommandExecutor.invokeExecute(DriverCommandExecutor.java:216)
at org.openqa.selenium.remote.service.DriverCommandExecutor.execute(DriverCommandExecutor.java:174)
at org.openqa.selenium.remote.RemoteWebDriver.execute(RemoteWebDriver.java:518)
at org.openqa.selenium.remote.ElementLocation$ElementFinder$2.findElement(ElementLocation.java:165)
at org.openqa.selenium.remote.ElementLocation.findElement(ElementLocation.java:59)
at org.openqa.selenium.remote.RemoteWebDriver.findElement(RemoteWebDriver.java:355)
at org.openqa.selenium.remote.RemoteWebDriver.findElement(RemoteWebDriver.java:349)
at com.qa.todo.tests.createToDo.updateFirstTodoItemAndVerify(createToDo.java:90)
at java.base/jdk.internal.reflect.NativeMethodAccessorImpl.invoke0(Native Method)
at java.base/jdk.internal.reflect.NativeMethodAccessorImpl.invoke(NativeMethodAccessorImpl.java:78)
at java.base/jdk.internal.reflect.DelegatingMethodAccessorImpl.invoke(DelegatingMethodAccessorImpl.java:43)
at java.base/java.lang.reflect.Method.invoke(Method.java:567)
at org.testng.internal.invokers.MethodInvocationHelper.invokeMethod(MethodInvocationHelper.java:141)
at org.testng.internal.invokers.TestInvoker.invokeMethod(TestInvoker.java:686)
at org.testng.internal.invokers.TestInvoker.invokeTestMethod(TestInvoker.java:230)
at org.testng.internal.invokers.MethodRunner.runInSequence(MethodRunner.java:63)
at org.testng.internal.invokers.TestInvoker$MethodInvocationAgent.invoke(TestInvoker.java:992)
at org.testng.internal.invokers.TestInvoker.invokeTestMethods(TestInvoker.java:203)
at org.testng.internal.invokers.TestMethodWorker.invokeTestMethods(TestMethodWorker.java:154)
at org.testng.internal.invokers.TestMethodWorker.run(TestMethodWorker.java:134)
at java.base/java.util.ArrayList.forEach(ArrayList.java:1511)
at org.testng.TestRunner.privateRun(TestRunner.java:739)
at org.testng.TestRunner.run(TestRunner.java:614)
at org.testng.SuiteRunner.runTest(SuiteRunner.java:421)
at org.testng.SuiteRunner.runSequentially(SuiteRunner.java:413)
at org.testng.SuiteRunner.privateRun(SuiteRunner.java:373)
at org.testng.SuiteRunner.run(SuiteRunner.java:312)
at org.testng.SuiteRunnerWorker.runSuite(SuiteRunnerWorker.java:52)
at org.testng.SuiteRunnerWorker.run(SuiteRunnerWorker.java:95)
at org.testng.TestNG.runSuitesSequentially(TestNG.java:1274)
at org.testng.TestNG.runSuitesLocally(TestNG.java:1208)
at org.testng.TestNG.runSuites(TestNG.java:1112)
at org.testng.TestNG.run(TestNG.java:1079)
at org.testng.remote.AbstractRemoteTestNG.run(AbstractRemoteTestNG.java:115)
at org.testng.remote.RemoteTestNG.initAndRun(RemoteTestNG.java:293)
at org.testng.remote.RemoteTestNG.main(RemoteTestNG.java:91)
]]>
            </full-stacktrace>
          </exception> <!-- org.openqa.selenium.NoSuchElementException -->
          <reporter-output>
          </reporter-output>
        </test-method> <!-- updateFirstTodoItemAndVerify -->
        <test-method signature="verifyAllItemsCompleted()[pri:8, instance:com.qa.todo.tests.createToDo@5b12b668]" started-at="2024-05-20T20:20:50 IST" name="verifyAllItemsCompleted" finished-at="2024-05-20T20:20:50 IST" duration-ms="96" status="PASS">
          <reporter-output>
          </reporter-output>
        </test-method> <!-- verifyAllItemsCompleted -->
        <test-method signature="clearAllTodos()[pri:9, instance:com.qa.todo.tests.createToDo@5b12b668]" started-at="2024-05-20T20:20:50 IST" name="clearAllTodos" finished-at="2024-05-20T20:20:50 IST" duration-ms="52" status="PASS">
          <reporter-output>
          </reporter-output>
        </test-method> <!-- clearAllTodos -->
        <test-method is-config="true" signature="closeBrowser()[pri:0, instance:com.qa.todo.tests.createToDo@5b12b668]" started-at="2024-05-20T20:20:50 IST" name="closeBrowser" finished-at="2024-05-20T20:20:50 IST" duration-ms="0" status="PASS">
          <reporter-output>
          </reporter-output>
        </test-method> <!-- closeBrowser -->
      </class> <!-- com.qa.todo.tests.createToDo -->
    </test> <!-- Default test -->
  </suite> <!-- Default suite -->
</testng-results>
